<?xml version="1.0" encoding="UTF-8"?>
<testng-results ignored="0" total="1" passed="1" failed="0" skipped="0">
  <reporter-output>
  </reporter-output>
  <suite started-at="2025-10-11T15:12:44 IST" name="Default suite" finished-at="2025-10-11T15:12:56 IST" duration-ms="11579">
    <groups>
    </groups>
    <test started-at="2025-10-11T15:12:44 IST" name="Default test" finished-at="2025-10-11T15:12:56 IST" duration-ms="11579">
      <class name="ExtendReport.ToLearnAddingScreenshot">
        <test-method signature="addScreenshot()[pri:0, instance:ExtendReport.ToLearnAddingScreenshot@18078bef]" started-at="2025-10-11T15:12:44 IST" name="addScreenshot" finished-at="2025-10-11T15:12:56 IST" duration-ms="11485" status="PASS">
          <reporter-output>
          </reporter-output>
        </test-method> <!-- addScreenshot -->
      </class> <!-- ExtendReport.ToLearnAddingScreenshot -->
    </test> <!-- Default test -->
  </suite> <!-- Default suite -->
</testng-results>
