<?xml version="1.0" encoding="UTF-8"?>
<!-- Generated by org.testng.reporters.JUnitReportReporter -->
<testsuite hostname="TYSS-Bhavani" failures="0" tests="1" name="Demo.SampleTest" time="0.023" errors="0" timestamp="2025-10-11T12:43:23 IST" skipped="0">
  <testcase classname="Demo.SampleTest" name="lauch" time="0.023">
    <system-out>
      <![CDATA[SampleTest executed]]>
    </system-out>
  </testcase> <!-- lauch -->
  <system-out>
    <![CDATA[SampleTest executed]]>
  </system-out>
</testsuite> <!-- Demo.SampleTest -->
